build/app/intermediates/manifest_merge_blame_file/release/manifest-merger-blame-release-report.txt
1<?xml version="1.0" encoding="utf-8"?>
2<manifest xmlns:android="http://schemas.android.com/apk/res/android"
3    package="com.optic.flutter_delivery_udemy"
4    android:versionCode="1"
5    android:versionName="1.0.0" >
6
7    <uses-sdk
8        android:minSdkVersion="21"
8-->src/main/AndroidManifest.xml
9        android:targetSdkVersion="31" />
9-->src/main/AndroidManifest.xml
10
11    <uses-permission android:name="android.permission.INTERNET" />
11-->[:firebase_messaging] AndroidManifest.xml:7:5-67
11-->[:firebase_messaging] AndroidManifest.xml:7:22-64
12    <uses-permission android:name="android.permission.WAKE_LOCK" />
12-->[:firebase_messaging] AndroidManifest.xml:8:5-68
12-->[:firebase_messaging] AndroidManifest.xml:8:22-65
13    <uses-permission android:name="android.permission.ACCESS_NETWORK_STATE" />
13-->[:firebase_messaging] AndroidManifest.xml:9:5-79
13-->[:firebase_messaging] AndroidManifest.xml:9:22-76
14    <uses-permission android:name="android.permission.READ_EXTERNAL_STORAGE" />
14-->[:image_picker] AndroidManifest.xml:7:5-80
14-->[:image_picker] AndroidManifest.xml:7:22-77
15    <uses-permission android:name="android.permission.WRITE_EXTERNAL_STORAGE" />
15-->[:image_picker] AndroidManifest.xml:8:5-81
15-->[:image_picker] AndroidManifest.xml:8:22-78
16    <uses-permission android:name="android.permission.RECEIVE_BOOT_COMPLETED" />
16-->[:flutter_local_notifications] AndroidManifest.xml:7:5-81
16-->[:flutter_local_notifications] AndroidManifest.xml:7:22-78
17    <uses-permission android:name="android.permission.VIBRATE" />
17-->[:flutter_local_notifications] AndroidManifest.xml:8:5-66
17-->[:flutter_local_notifications] AndroidManifest.xml:8:22-63
18    <uses-permission android:name="android.permission.USE_FULL_SCREEN_INTENT" />
18-->[:flutter_local_notifications] AndroidManifest.xml:9:5-81
18-->[:flutter_local_notifications] AndroidManifest.xml:9:22-78
19    <uses-permission android:name="android.permission.ACCESS_COARSE_LOCATION" />
19-->[:location] AndroidManifest.xml:7:5-81
19-->[:location] AndroidManifest.xml:7:22-78
20    <uses-permission android:name="android.permission.ACCESS_FINE_LOCATION" /> <!-- See https://developer.android.com/training/package-visibility/declaring for more details. -->
20-->[:location] AndroidManifest.xml:8:5-79
20-->[:location] AndroidManifest.xml:8:22-76
21    <queries>
21-->[com.stripe:payments-core:16.10.0] AndroidManifest.xml:10:5-14:15
22
23        <!-- Added to check if Chrome is installed for browser-based payment authentication (e.g. 3DS1). -->
24        <package android:name="com.android.chrome" />
24-->[com.stripe:payments-core:16.10.0] AndroidManifest.xml:13:9-54
24-->[com.stripe:payments-core:16.10.0] AndroidManifest.xml:13:18-51
25        <!-- Needs to be explicitly declared on Android R+ -->
26        <package android:name="com.google.android.apps.maps" />
26-->[com.google.android.gms:play-services-maps:18.0.2] AndroidManifest.xml:33:9-64
26-->[com.google.android.gms:play-services-maps:18.0.2] AndroidManifest.xml:33:18-61
27    </queries>
28
29    <uses-permission android:name="android.permission.POST_NOTIFICATIONS" /> <!-- Required by older versions of Google Play services to create IID tokens -->
29-->[com.google.firebase:firebase-messaging:23.0.7] AndroidManifest.xml:26:5-77
29-->[com.google.firebase:firebase-messaging:23.0.7] AndroidManifest.xml:26:22-74
30    <uses-permission android:name="com.google.android.c2dm.permission.RECEIVE" />
30-->[com.google.firebase:firebase-messaging:23.0.7] AndroidManifest.xml:29:5-82
30-->[com.google.firebase:firebase-messaging:23.0.7] AndroidManifest.xml:29:22-79
31
32    <uses-feature
32-->[com.google.android.gms:play-services-maps:18.0.2] AndroidManifest.xml:26:5-28:35
33        android:glEsVersion="0x00020000"
33-->[com.google.android.gms:play-services-maps:18.0.2] AndroidManifest.xml:27:9-41
34        android:required="true" />
34-->[com.google.android.gms:play-services-maps:18.0.2] AndroidManifest.xml:28:9-32
35
36    <application
36-->src/main/AndroidManifest.xml:3:8-53:19
37        android:appComponentFactory="androidx.core.app.CoreComponentFactory"
37-->[androidx.core:core:1.6.0] AndroidManifest.xml:24:18-86
38        android:icon="@mipmap/ic_launcher"
38-->src/main/AndroidManifest.xml:5:13-47
39        android:label="Aguacate"
39-->src/main/AndroidManifest.xml:4:13-37
40        android:theme="@style/Theme.AppCompat.Light.NoActionBar" >
40-->[:stripe_payment] AndroidManifest.xml:11:18-74
41        <activity
41-->src/main/AndroidManifest.xml:8:8-43:20
42            android:name="com.optic.flutter_delivery_udemy.MainActivity"
42-->src/main/AndroidManifest.xml:9:13-41
43            android:configChanges="orientation|keyboardHidden|keyboard|screenSize|smallestScreenSize|locale|layoutDirection|fontScale|screenLayout|density|uiMode"
43-->src/main/AndroidManifest.xml:12:13-163
44            android:hardwareAccelerated="true"
44-->src/main/AndroidManifest.xml:13:13-47
45            android:launchMode="singleTop"
45-->src/main/AndroidManifest.xml:10:13-43
46            android:theme="@style/LaunchTheme"
46-->src/main/AndroidManifest.xml:11:13-47
47            android:windowSoftInputMode="adjustResize" >
47-->src/main/AndroidManifest.xml:14:13-55
48
49            <!--
50                 Specifies an Android theme to apply to this Activity as soon as
51                 the Android process has started. This theme is visible to the user
52                 while the Flutter UI initializes. After that, this theme continues
53                 to determine the Window background behind the Flutter UI.
54            -->
55            <meta-data
55-->src/main/AndroidManifest.xml:19:13-22:17
56                android:name="io.flutter.embedding.android.NormalTheme"
56-->src/main/AndroidManifest.xml:20:15-70
57                android:resource="@style/NormalTheme" />
57-->src/main/AndroidManifest.xml:21:15-52
58            <!--
59                 Displays an Android View that continues showing the launch screen
60                 Drawable until Flutter paints its first frame, then this splash
61                 screen fades out. A splash screen is useful to avoid any visual
62                 gap between the end of Android's launch screen and the painting of
63                 Flutter's first frame.
64            -->
65            <meta-data
65-->src/main/AndroidManifest.xml:28:13-31:17
66                android:name="io.flutter.embedding.android.SplashScreenDrawable"
66-->src/main/AndroidManifest.xml:29:15-79
67                android:resource="@drawable/launch_background" />
67-->src/main/AndroidManifest.xml:30:15-61
68
69            <intent-filter>
69-->src/main/AndroidManifest.xml:33:13-36:29
70                <action android:name="android.intent.action.MAIN" />
70-->src/main/AndroidManifest.xml:34:17-68
70-->src/main/AndroidManifest.xml:34:25-66
71
72                <category android:name="android.intent.category.LAUNCHER" />
72-->src/main/AndroidManifest.xml:35:17-76
72-->src/main/AndroidManifest.xml:35:27-74
73            </intent-filter>
74            <intent-filter>
74-->src/main/AndroidManifest.xml:38:12-41:28
75                <action android:name="FLUTTER_NOTIFICATION_CLICK" />
75-->src/main/AndroidManifest.xml:39:16-68
75-->src/main/AndroidManifest.xml:39:24-65
76
77                <category android:name="android.intent.category.DEFAULT" />
77-->src/main/AndroidManifest.xml:40:16-75
77-->src/main/AndroidManifest.xml:40:26-72
78            </intent-filter>
79        </activity>
80        <!--
81             Don't delete the meta-data below.
82             This is used by the Flutter tool to generate GeneratedPluginRegistrant.java
83        -->
84        <meta-data
84-->src/main/AndroidManifest.xml:46:9-48:33
85            android:name="flutterEmbedding"
85-->src/main/AndroidManifest.xml:47:13-44
86            android:value="2" />
86-->src/main/AndroidManifest.xml:48:13-30
87        <meta-data
87-->src/main/AndroidManifest.xml:50:8-51:69
88            android:name="com.google.android.geo.API_KEY"
88-->src/main/AndroidManifest.xml:50:19-64
89            android:value="AIzaSyAE4SmPPbYlWa0UB3RJwMQ8ZBD3ooyGWBY" />
89-->src/main/AndroidManifest.xml:51:12-67
90
91        <service
91-->[:firebase_messaging] AndroidManifest.xml:12:9-15:72
92            android:name="io.flutter.plugins.firebase.messaging.FlutterFirebaseMessagingBackgroundService"
92-->[:firebase_messaging] AndroidManifest.xml:13:13-107
93            android:exported="false"
93-->[:firebase_messaging] AndroidManifest.xml:14:13-37
94            android:permission="android.permission.BIND_JOB_SERVICE" />
94-->[:firebase_messaging] AndroidManifest.xml:15:13-69
95        <service
95-->[:firebase_messaging] AndroidManifest.xml:16:9-22:19
96            android:name="io.flutter.plugins.firebase.messaging.FlutterFirebaseMessagingService"
96-->[:firebase_messaging] AndroidManifest.xml:17:13-97
97            android:exported="false" >
97-->[:firebase_messaging] AndroidManifest.xml:18:13-37
98            <intent-filter>
98-->[:firebase_messaging] AndroidManifest.xml:19:13-21:29
99                <action android:name="com.google.firebase.MESSAGING_EVENT" />
99-->[:firebase_messaging] AndroidManifest.xml:20:17-78
99-->[:firebase_messaging] AndroidManifest.xml:20:25-75
100            </intent-filter>
101        </service>
102
103        <receiver
103-->[:firebase_messaging] AndroidManifest.xml:24:9-31:20
104            android:name="io.flutter.plugins.firebase.messaging.FlutterFirebaseMessagingReceiver"
104-->[:firebase_messaging] AndroidManifest.xml:25:13-98
105            android:exported="true"
105-->[:firebase_messaging] AndroidManifest.xml:26:13-36
106            android:permission="com.google.android.c2dm.permission.SEND" >
106-->[:firebase_messaging] AndroidManifest.xml:27:13-73
107            <intent-filter>
107-->[:firebase_messaging] AndroidManifest.xml:28:13-30:29
108                <action android:name="com.google.android.c2dm.intent.RECEIVE" />
108-->[:firebase_messaging] AndroidManifest.xml:29:17-81
108-->[:firebase_messaging] AndroidManifest.xml:29:25-78
109            </intent-filter>
110        </receiver>
111
112        <service
112-->[:firebase_messaging] AndroidManifest.xml:33:9-37:19
113            android:name="com.google.firebase.components.ComponentDiscoveryService"
113-->[:firebase_messaging] AndroidManifest.xml:33:18-89
114            android:directBootAware="true"
114-->[com.google.firebase:firebase-common:20.1.1] AndroidManifest.xml:35:13-43
115            android:exported="false" >
115-->[com.google.firebase:firebase-messaging:23.0.7] AndroidManifest.xml:55:13-37
116            <meta-data
116-->[:firebase_messaging] AndroidManifest.xml:34:13-36:85
117                android:name="com.google.firebase.components:io.flutter.plugins.firebase.messaging.FlutterFirebaseAppRegistrar"
117-->[:firebase_messaging] AndroidManifest.xml:35:17-128
118                android:value="com.google.firebase.components.ComponentRegistrar" />
118-->[:firebase_messaging] AndroidManifest.xml:36:17-82
119            <meta-data
119-->[:firebase_core] AndroidManifest.xml:9:13-11:85
120                android:name="com.google.firebase.components:io.flutter.plugins.firebase.core.FlutterFirebaseCoreRegistrar"
120-->[:firebase_core] AndroidManifest.xml:10:17-124
121                android:value="com.google.firebase.components.ComponentRegistrar" />
121-->[:firebase_core] AndroidManifest.xml:11:17-82
122            <meta-data
122-->[com.google.firebase:firebase-messaging:23.0.7] AndroidManifest.xml:56:13-58:85
123                android:name="com.google.firebase.components:com.google.firebase.messaging.FirebaseMessagingRegistrar"
123-->[com.google.firebase:firebase-messaging:23.0.7] AndroidManifest.xml:57:17-119
124                android:value="com.google.firebase.components.ComponentRegistrar" />
124-->[com.google.firebase:firebase-messaging:23.0.7] AndroidManifest.xml:58:17-82
125            <meta-data
125-->[com.google.firebase:firebase-datatransport:18.1.5] AndroidManifest.xml:28:13-30:85
126                android:name="com.google.firebase.components:com.google.firebase.datatransport.TransportRegistrar"
126-->[com.google.firebase:firebase-datatransport:18.1.5] AndroidManifest.xml:29:17-115
127                android:value="com.google.firebase.components.ComponentRegistrar" />
127-->[com.google.firebase:firebase-datatransport:18.1.5] AndroidManifest.xml:30:17-82
128            <meta-data
128-->[com.google.firebase:firebase-installations:17.0.1] AndroidManifest.xml:18:13-20:85
129                android:name="com.google.firebase.components:com.google.firebase.installations.FirebaseInstallationsRegistrar"
129-->[com.google.firebase:firebase-installations:17.0.1] AndroidManifest.xml:19:17-127
130                android:value="com.google.firebase.components.ComponentRegistrar" />
130-->[com.google.firebase:firebase-installations:17.0.1] AndroidManifest.xml:20:17-82
131        </service>
132
133        <provider
133-->[:firebase_messaging] AndroidManifest.xml:39:9-43:38
134            android:name="io.flutter.plugins.firebase.messaging.FlutterFirebaseMessagingInitProvider"
134-->[:firebase_messaging] AndroidManifest.xml:40:13-102
135            android:authorities="com.optic.flutter_delivery_udemy.flutterfirebasemessaginginitprovider"
135-->[:firebase_messaging] AndroidManifest.xml:41:13-88
136            android:exported="false"
136-->[:firebase_messaging] AndroidManifest.xml:42:13-37
137            android:initOrder="99" />
137-->[:firebase_messaging] AndroidManifest.xml:43:13-35
138
139        <meta-data
139-->[:stripe_payment] AndroidManifest.xml:12:9-14:36
140            android:name="com.google.android.gms.wallet.api.enabled"
140-->[:stripe_payment] AndroidManifest.xml:13:13-69
141            android:value="true" />
141-->[:stripe_payment] AndroidManifest.xml:14:13-33
142
143        <activity
143-->[:stripe_payment] AndroidManifest.xml:16:9-20:75
144            android:name="com.gettipsi.stripe.OpenBrowserActivity"
144-->[:stripe_payment] AndroidManifest.xml:17:13-67
145            android:exported="false"
145-->[:stripe_payment] AndroidManifest.xml:18:13-37
146            android:launchMode="singleTask"
146-->[:stripe_payment] AndroidManifest.xml:19:13-44
147            android:theme="@android:style/Theme.Translucent.NoTitleBar" />
147-->[:stripe_payment] AndroidManifest.xml:20:13-72
148        <activity
148-->[:stripe_payment] AndroidManifest.xml:21:9-34:20
149            android:name="com.gettipsi.stripe.RedirectUriReceiver"
149-->[:stripe_payment] AndroidManifest.xml:22:13-67
150            android:exported="true"
150-->[:stripe_payment] AndroidManifest.xml:23:13-36
151            android:launchMode="singleTask"
151-->[:stripe_payment] AndroidManifest.xml:24:13-44
152            android:theme="@android:style/Theme.Translucent.NoTitleBar.Fullscreen" >
152-->[:stripe_payment] AndroidManifest.xml:25:13-83
153            <intent-filter>
153-->[:stripe_payment] AndroidManifest.xml:26:13-33:29
154                <action android:name="android.intent.action.VIEW" />
154-->[:stripe_payment] AndroidManifest.xml:27:17-69
154-->[:stripe_payment] AndroidManifest.xml:27:25-66
155
156                <category android:name="android.intent.category.DEFAULT" />
156-->src/main/AndroidManifest.xml:40:16-75
156-->src/main/AndroidManifest.xml:40:26-72
157                <category android:name="android.intent.category.BROWSABLE" />
157-->[:stripe_payment] AndroidManifest.xml:30:17-78
157-->[:stripe_payment] AndroidManifest.xml:30:27-75
158
159                <data android:scheme="example" />
159-->[:stripe_payment] AndroidManifest.xml:32:17-50
159-->[:stripe_payment] AndroidManifest.xml:32:23-47
160            </intent-filter>
161        </activity>
162
163        <provider
163-->[:image_picker] AndroidManifest.xml:11:9-19:20
164            android:name="io.flutter.plugins.imagepicker.ImagePickerFileProvider"
164-->[:image_picker] AndroidManifest.xml:12:13-82
165            android:authorities="com.optic.flutter_delivery_udemy.flutter.image_provider"
165-->[:image_picker] AndroidManifest.xml:13:13-74
166            android:exported="false"
166-->[:image_picker] AndroidManifest.xml:14:13-37
167            android:grantUriPermissions="true" >
167-->[:image_picker] AndroidManifest.xml:15:13-47
168            <meta-data
168-->[:image_picker] AndroidManifest.xml:16:13-18:75
169                android:name="android.support.FILE_PROVIDER_PATHS"
169-->[:image_picker] AndroidManifest.xml:17:17-67
170                android:resource="@xml/flutter_image_picker_file_paths" />
170-->[:image_picker] AndroidManifest.xml:18:17-72
171        </provider>
172
173        <receiver android:name="com.dexterous.flutterlocalnotifications.ScheduledNotificationReceiver" />
173-->[:flutter_local_notifications] AndroidManifest.xml:12:9-106
173-->[:flutter_local_notifications] AndroidManifest.xml:12:19-103
174        <receiver android:name="com.dexterous.flutterlocalnotifications.ScheduledNotificationBootReceiver" >
174-->[:flutter_local_notifications] AndroidManifest.xml:13:9-20:20
174-->[:flutter_local_notifications] AndroidManifest.xml:13:19-107
175            <intent-filter>
175-->[:flutter_local_notifications] AndroidManifest.xml:14:13-19:29
176                <action android:name="android.intent.action.BOOT_COMPLETED" />
176-->[:flutter_local_notifications] AndroidManifest.xml:15:17-79
176-->[:flutter_local_notifications] AndroidManifest.xml:15:25-76
177                <action android:name="android.intent.action.MY_PACKAGE_REPLACED" />
177-->[:flutter_local_notifications] AndroidManifest.xml:16:17-84
177-->[:flutter_local_notifications] AndroidManifest.xml:16:25-81
178                <action android:name="android.intent.action.QUICKBOOT_POWERON" />
178-->[:flutter_local_notifications] AndroidManifest.xml:17:17-82
178-->[:flutter_local_notifications] AndroidManifest.xml:17:25-79
179                <action android:name="com.htc.intent.action.QUICKBOOT_POWERON" />
179-->[:flutter_local_notifications] AndroidManifest.xml:18:17-82
179-->[:flutter_local_notifications] AndroidManifest.xml:18:25-79
180            </intent-filter>
181        </receiver>
182
183        <activity
183-->[:url_launcher_android] AndroidManifest.xml:8:9-11:74
184            android:name="io.flutter.plugins.urllauncher.WebViewActivity"
184-->[:url_launcher_android] AndroidManifest.xml:9:13-74
185            android:exported="false"
185-->[:url_launcher_android] AndroidManifest.xml:10:13-37
186            android:theme="@android:style/Theme.NoTitleBar.Fullscreen" />
186-->[:url_launcher_android] AndroidManifest.xml:11:13-71
187
188        <service
188-->[:location] AndroidManifest.xml:11:9-15:56
189            android:name="com.lyokone.location.FlutterLocationService"
189-->[:location] AndroidManifest.xml:12:13-71
190            android:enabled="true"
190-->[:location] AndroidManifest.xml:13:13-35
191            android:exported="false"
191-->[:location] AndroidManifest.xml:14:13-37
192            android:foregroundServiceType="location" />
192-->[:location] AndroidManifest.xml:15:13-53
193
194        <activity
194-->[com.stripe:payments-core:16.10.0] AndroidManifest.xml:17:9-19:57
195            android:name="com.stripe.android.view.AddPaymentMethodActivity"
195-->[com.stripe:payments-core:16.10.0] AndroidManifest.xml:18:13-76
196            android:theme="@style/StripeDefaultTheme" />
196-->[com.stripe:payments-core:16.10.0] AndroidManifest.xml:19:13-54
197        <activity
197-->[com.stripe:payments-core:16.10.0] AndroidManifest.xml:20:9-22:57
198            android:name="com.stripe.android.view.PaymentMethodsActivity"
198-->[com.stripe:payments-core:16.10.0] AndroidManifest.xml:21:13-74
199            android:theme="@style/StripeDefaultTheme" />
199-->[com.stripe:payments-core:16.10.0] AndroidManifest.xml:22:13-54
200        <activity
200-->[com.stripe:payments-core:16.10.0] AndroidManifest.xml:23:9-25:57
201            android:name="com.stripe.android.view.PaymentFlowActivity"
201-->[com.stripe:payments-core:16.10.0] AndroidManifest.xml:24:13-71
202            android:theme="@style/StripeDefaultTheme" />
202-->[com.stripe:payments-core:16.10.0] AndroidManifest.xml:25:13-54
203        <activity
203-->[com.stripe:payments-core:16.10.0] AndroidManifest.xml:26:9-29:58
204            android:name="com.stripe.android.view.PaymentAuthWebViewActivity"
204-->[com.stripe:payments-core:16.10.0] AndroidManifest.xml:27:13-78
205            android:theme="@style/StripeDefaultTheme"
205-->[com.stripe:payments-core:16.10.0] AndroidManifest.xml:28:13-54
206            android:windowSoftInputMode="adjustResize" />
206-->[com.stripe:payments-core:16.10.0] AndroidManifest.xml:29:13-55
207        <activity
207-->[com.stripe:payments-core:16.10.0] AndroidManifest.xml:30:9-32:61
208            android:name="com.stripe.android.view.PaymentRelayActivity"
208-->[com.stripe:payments-core:16.10.0] AndroidManifest.xml:31:13-72
209            android:theme="@style/StripeTransparentTheme" />
209-->[com.stripe:payments-core:16.10.0] AndroidManifest.xml:32:13-58
210        <!--
211        Set android:launchMode="singleTop" so that the StripeBrowserLauncherActivity instance that
212        launched the browser Activity will also handle the return URL deep link.
213        -->
214        <activity
214-->[com.stripe:payments-core:16.10.0] AndroidManifest.xml:38:9-54:20
215            android:name="com.stripe.android.payments.StripeBrowserLauncherActivity"
215-->[com.stripe:payments-core:16.10.0] AndroidManifest.xml:39:13-85
216            android:launchMode="singleTop"
216-->[com.stripe:payments-core:16.10.0] AndroidManifest.xml:40:13-43
217            android:theme="@style/StripeTransparentTheme" >
217-->[com.stripe:payments-core:16.10.0] AndroidManifest.xml:41:13-58
218            <intent-filter>
218-->[com.stripe:payments-core:16.10.0] AndroidManifest.xml:42:13-53:29
219                <action android:name="android.intent.action.VIEW" />
219-->[:stripe_payment] AndroidManifest.xml:27:17-69
219-->[:stripe_payment] AndroidManifest.xml:27:25-66
220
221                <category android:name="android.intent.category.DEFAULT" />
221-->src/main/AndroidManifest.xml:40:16-75
221-->src/main/AndroidManifest.xml:40:26-72
222                <category android:name="android.intent.category.BROWSABLE" />
222-->[:stripe_payment] AndroidManifest.xml:30:17-78
222-->[:stripe_payment] AndroidManifest.xml:30:27-75
223
224                <!-- Must match `DefaultReturnUrl#value`. -->
225                <data
225-->[:stripe_payment] AndroidManifest.xml:32:17-50
226                    android:host="payment_return_url"
227                    android:path="/com.optic.flutter_delivery_udemy"
228                    android:scheme="stripesdk" />
228-->[:stripe_payment] AndroidManifest.xml:32:23-47
229            </intent-filter>
230        </activity>
231        <activity
231-->[com.stripe:payments-core:16.10.0] AndroidManifest.xml:55:9-57:57
232            android:name="com.stripe.android.view.Stripe3ds2CompletionActivity"
232-->[com.stripe:payments-core:16.10.0] AndroidManifest.xml:56:13-80
233            android:theme="@style/StripeDefaultTheme" />
233-->[com.stripe:payments-core:16.10.0] AndroidManifest.xml:57:13-54
234        <activity
234-->[com.stripe:payments-core:16.10.0] AndroidManifest.xml:58:9-60:69
235            android:name="com.stripe.android.paymentsheet.PaymentSheetActivity"
235-->[com.stripe:payments-core:16.10.0] AndroidManifest.xml:59:13-80
236            android:theme="@style/StripePaymentSheetDefaultTheme" />
236-->[com.stripe:payments-core:16.10.0] AndroidManifest.xml:60:13-66
237        <activity
237-->[com.stripe:payments-core:16.10.0] AndroidManifest.xml:61:9-63:69
238            android:name="com.stripe.android.paymentsheet.PaymentOptionsActivity"
238-->[com.stripe:payments-core:16.10.0] AndroidManifest.xml:62:13-82
239            android:theme="@style/StripePaymentSheetDefaultTheme" />
239-->[com.stripe:payments-core:16.10.0] AndroidManifest.xml:63:13-66
240        <activity
240-->[com.stripe:payments-core:16.10.0] AndroidManifest.xml:64:9-66:66
241            android:name="com.stripe.android.googlepay.StripeGooglePayActivity"
241-->[com.stripe:payments-core:16.10.0] AndroidManifest.xml:65:13-80
242            android:theme="@style/StripeGooglePayDefaultTheme" />
242-->[com.stripe:payments-core:16.10.0] AndroidManifest.xml:66:13-63
243        <activity
243-->[com.stripe:stripe-3ds2-android:5.3.1] AndroidManifest.xml:10:9-12:54
244            android:name="com.stripe.android.stripe3ds2.views.ChallengeActivity"
244-->[com.stripe:stripe-3ds2-android:5.3.1] AndroidManifest.xml:11:13-81
245            android:theme="@style/Stripe3DS2Theme" />
245-->[com.stripe:stripe-3ds2-android:5.3.1] AndroidManifest.xml:12:13-51
246        <activity
246-->[com.stripe:stripe-3ds2-android:5.3.1] AndroidManifest.xml:13:9-15:54
247            android:name="com.stripe.android.stripe3ds2.views.ChallengeProgressActivity"
247-->[com.stripe:stripe-3ds2-android:5.3.1] AndroidManifest.xml:14:13-89
248            android:theme="@style/Stripe3DS2Theme" />
248-->[com.stripe:stripe-3ds2-android:5.3.1] AndroidManifest.xml:15:13-51
249
250        <uses-library
250-->[androidx.window:window:1.0.0-beta04] AndroidManifest.xml:25:9-27:40
251            android:name="androidx.window.extensions"
251-->[androidx.window:window:1.0.0-beta04] AndroidManifest.xml:26:13-54
252            android:required="false" />
252-->[androidx.window:window:1.0.0-beta04] AndroidManifest.xml:27:13-37
253        <uses-library
253-->[androidx.window:window:1.0.0-beta04] AndroidManifest.xml:28:9-30:40
254            android:name="androidx.window.sidecar"
254-->[androidx.window:window:1.0.0-beta04] AndroidManifest.xml:29:13-51
255            android:required="false" />
255-->[androidx.window:window:1.0.0-beta04] AndroidManifest.xml:30:13-37
256
257        <receiver
257-->[com.google.firebase:firebase-messaging:23.0.7] AndroidManifest.xml:32:9-39:20
258            android:name="com.google.firebase.iid.FirebaseInstanceIdReceiver"
258-->[com.google.firebase:firebase-messaging:23.0.7] AndroidManifest.xml:33:13-78
259            android:exported="true"
259-->[com.google.firebase:firebase-messaging:23.0.7] AndroidManifest.xml:34:13-36
260            android:permission="com.google.android.c2dm.permission.SEND" >
260-->[com.google.firebase:firebase-messaging:23.0.7] AndroidManifest.xml:35:13-73
261            <intent-filter>
261-->[:firebase_messaging] AndroidManifest.xml:28:13-30:29
262                <action android:name="com.google.android.c2dm.intent.RECEIVE" />
262-->[:firebase_messaging] AndroidManifest.xml:29:17-81
262-->[:firebase_messaging] AndroidManifest.xml:29:25-78
263            </intent-filter>
264        </receiver>
265        <!--
266             FirebaseMessagingService performs security checks at runtime,
267             but set to not exported to explicitly avoid allowing another app to call it.
268        -->
269        <service
269-->[com.google.firebase:firebase-messaging:23.0.7] AndroidManifest.xml:45:9-52:19
270            android:name="com.google.firebase.messaging.FirebaseMessagingService"
270-->[com.google.firebase:firebase-messaging:23.0.7] AndroidManifest.xml:46:13-82
271            android:directBootAware="true"
271-->[com.google.firebase:firebase-messaging:23.0.7] AndroidManifest.xml:47:13-43
272            android:exported="false" >
272-->[com.google.firebase:firebase-messaging:23.0.7] AndroidManifest.xml:48:13-37
273            <intent-filter android:priority="-500" >
273-->[:firebase_messaging] AndroidManifest.xml:19:13-21:29
274                <action android:name="com.google.firebase.MESSAGING_EVENT" />
274-->[:firebase_messaging] AndroidManifest.xml:20:17-78
274-->[:firebase_messaging] AndroidManifest.xml:20:25-75
275            </intent-filter>
276        </service>
277
278        <provider
278-->[com.google.firebase:firebase-common:20.1.1] AndroidManifest.xml:26:9-31:39
279            android:name="com.google.firebase.provider.FirebaseInitProvider"
279-->[com.google.firebase:firebase-common:20.1.1] AndroidManifest.xml:27:13-77
280            android:authorities="com.optic.flutter_delivery_udemy.firebaseinitprovider"
280-->[com.google.firebase:firebase-common:20.1.1] AndroidManifest.xml:28:13-72
281            android:directBootAware="true"
281-->[com.google.firebase:firebase-common:20.1.1] AndroidManifest.xml:29:13-43
282            android:exported="false"
282-->[com.google.firebase:firebase-common:20.1.1] AndroidManifest.xml:30:13-37
283            android:initOrder="100" /> <!-- Needs to be explicitly declared on P+ -->
283-->[com.google.firebase:firebase-common:20.1.1] AndroidManifest.xml:31:13-36
284        <uses-library
284-->[com.google.android.gms:play-services-maps:18.0.2] AndroidManifest.xml:39:9-41:40
285            android:name="org.apache.http.legacy"
285-->[com.google.android.gms:play-services-maps:18.0.2] AndroidManifest.xml:40:13-50
286            android:required="false" />
286-->[com.google.android.gms:play-services-maps:18.0.2] AndroidManifest.xml:41:13-37
287
288        <activity
288-->[com.google.android.gms:play-services-base:18.0.1] AndroidManifest.xml:20:9-22:45
289            android:name="com.google.android.gms.common.api.GoogleApiActivity"
289-->[com.google.android.gms:play-services-base:18.0.1] AndroidManifest.xml:20:19-85
290            android:exported="false"
290-->[com.google.android.gms:play-services-base:18.0.1] AndroidManifest.xml:22:19-43
291            android:theme="@android:style/Theme.Translucent.NoTitleBar" />
291-->[com.google.android.gms:play-services-base:18.0.1] AndroidManifest.xml:21:19-78
292
293        <meta-data
293-->[com.google.android.gms:play-services-basement:18.0.0] AndroidManifest.xml:21:9-23:69
294            android:name="com.google.android.gms.version"
294-->[com.google.android.gms:play-services-basement:18.0.0] AndroidManifest.xml:22:13-58